<?xml version="1.0" encoding="UTF-8"?>
<Site BuildName="Linux-g++"
	BuildStamp="20230404-1454-Experimental"
	Name="pjury"
	Generator="ctest-3.16.3"
	CompilerName="/usr/bin/g++"
	CompilerVersion="9.4.0"
	OSName="Linux"
	Hostname="pjury"
	OSRelease="5.15.0-69-generic"
	OSVersion="#76~20.04.1-Ubuntu SMP Mon Mar 20 15:54:19 UTC 2023"
	OSPlatform="x86_64"
	Is64Bits="1"
	VendorString="GenuineIntel"
	VendorID="Intel Corporation"
	FamilyID="6"
	ModelID="140"
	ProcessorCacheSize="8192"
	NumberOfLogicalCPU="8"
	NumberOfPhysicalCPU="4"
	TotalVirtualMemory="2047"
	TotalPhysicalMemory="15694"
	LogicalProcessorsPerPhysical="2"
	ProcessorClockFrequency="2400"
	>
	<Testing>
		<StartDateTime>Apr 04 16:54 CEST</StartDateTime>
		<StartTestTime>1680620066</StartTestTime>
		<TestList/>
		<EndDateTime>Apr 04 16:54 CEST</EndDateTime>
		<EndTestTime>1680620066</EndTestTime>
		<ElapsedMinutes>0</ElapsedMinutes>
	</Testing>
</Site>
